[2017-11-29 20:11:11]
[Unsupported] Office 16, Office16SkypeforBusinessVL_KMS_Client edition(83e04ee1-fa8d-436d-8994-d31a862cab77) System: 10 Home China
[2017-11-29 20:11:11]
[Unsupported] Windows(R), CoreCountrySpecific edition(a9107544-f4a0-4053-a96a-1479abdef912) System: 10 Home China
[2017-11-29 20:12:13]
Microsoft (R) Windows Script Host Version 5.812
版权所有(C) Microsoft Corporation。保留所有权利。

---Processing--------------------------
---------------------------------------
Installed product key detected - attempting to activate the following product:
SKU ID: 041a06cb-c5b8-4772-809f-416d03d16654
LICENSE NAME: Office 16, Office16PublisherVL_KMS_Client edition
LICENSE DESCRIPTION: Office 16, VOLUME_KMSCLIENT channel
Last 5 characters of installed product key: 8K837
<Product activation successful>
---------------------------------------
Installed product key detected - attempting to activate the following product:
SKU ID: 4f414197-0fc2-4c01-b68a-86cbb9ac254c
LICENSE NAME: Office 16, Office16ProjectProVL_KMS_Client edition
LICENSE DESCRIPTION: Office 16, VOLUME_KMSCLIENT channel
Last 5 characters of installed product key: G83KT
<Product activation successful>
---------------------------------------
Installed product key detected - attempting to activate the following product:
SKU ID: 67c0fc0c-deba-401b-bf8b-9c8ad8395804
LICENSE NAME: Office 16, Office16AccessVL_KMS_Client edition
LICENSE DESCRIPTION: Office 16, VOLUME_KMSCLIENT channel
Last 5 characters of installed product key: QPFDW
<Product activation successful>
---------------------------------------
Installed product key detected - attempting to activate the following product:
SKU ID: 6bf301c1-b94a-43e9-ba31-d494598c47fb
LICENSE NAME: Office 16, Office16VisioProVL_KMS_Client edition
LICENSE DESCRIPTION: Office 16, VOLUME_KMSCLIENT channel
Last 5 characters of installed product key: RJRJK
<Product activation successful>
---------------------------------------
Installed product key detected - attempting to activate the following product:
SKU ID: aa2a7821-1827-4c2c-8f1d-4513a34dda97
LICENSE NAME: Office 16, Office16VisioStdVL_KMS_Client edition
LICENSE DESCRIPTION: Office 16, VOLUME_KMSCLIENT channel
Last 5 characters of installed product key: W8GF4
<Product activation successful>
---------------------------------------
Installed product key detected - attempting to activate the following product:
SKU ID: bb11badf-d8aa-470e-9311-20eaf80fe5cc
LICENSE NAME: Office 16, Office16WordVL_KMS_Client edition
LICENSE DESCRIPTION: Office 16, VOLUME_KMSCLIENT channel
Last 5 characters of installed product key: 3PFJ6
<Product activation successful>
---------------------------------------
Installed product key detected - attempting to activate the following product:
SKU ID: c3e65d36-141f-4d2f-a303-a842ee756a29
LICENSE NAME: Office 16, Office16ExcelVL_KMS_Client edition
LICENSE DESCRIPTION: Office 16, VOLUME_KMSCLIENT channel
Last 5 characters of installed product key: 7FTBF
<Product activation successful>
---------------------------------------
Installed product key detected - attempting to activate the following product:
SKU ID: d450596f-894d-49e0-966a-fd39ed4c4c64
LICENSE NAME: Office 16, Office16ProPlusVL_KMS_Client edition
LICENSE DESCRIPTION: Office 16, VOLUME_KMSCLIENT channel
Last 5 characters of installed product key: WFG99
<Product activation successful>
---------------------------------------
Installed product key detected - attempting to activate the following product:
SKU ID: d70b1bba-b893-4544-96e2-b7a318091c33
LICENSE NAME: Office 16, Office16PowerPointVL_KMS_Client edition
LICENSE DESCRIPTION: Office 16, VOLUME_KMSCLIENT channel
Last 5 characters of installed product key: BY6C6
<Product activation successful>
---------------------------------------
Installed product key detected - attempting to activate the following product:
SKU ID: d7279dd0-e175-49fe-a623-8fc2fc00afc4
LICENSE NAME: Office 16, Office16O365HomePremR_Grace edition
LICENSE DESCRIPTION: Office 16, RETAIL(Grace) channel
Last 5 characters of installed product key: KHGM9
ERROR CODE: 0xC004F017
ERROR DESCRIPTION: The Software Licensing Service reported that the license is not installed.
---------------------------------------
Installed product key detected - attempting to activate the following product:
SKU ID: d8cace59-33d2-4ac7-9b1b-9b72339c51c8
LICENSE NAME: Office 16, Office16OneNoteVL_KMS_Client edition
LICENSE DESCRIPTION: Office 16, VOLUME_KMSCLIENT channel
Last 5 characters of installed product key: XW3J6
<Product activation successful>
---------------------------------------
Installed product key detected - attempting to activate the following product:
SKU ID: da7ddabc-3fbe-4447-9e01-6ab7440b4cd4
LICENSE NAME: Office 16, Office16ProjectStdVL_KMS_Client edition
LICENSE DESCRIPTION: Office 16, VOLUME_KMSCLIENT channel
Last 5 characters of installed product key: KQBVC
<Product activation successful>
---------------------------------------
Installed product key detected - attempting to activate the following product:
SKU ID: dedfa23d-6ed1-45a6-85dc-63cae0546de6
LICENSE NAME: Office 16, Office16StandardVL_KMS_Client edition
LICENSE DESCRIPTION: Office 16, VOLUME_KMSCLIENT channel
Last 5 characters of installed product key: DRTFM
<Product activation successful>
---------------------------------------
Installed product key detected - attempting to activate the following product:
SKU ID: ec9d9265-9d1e-4ed0-838a-cdc20f2551a1
LICENSE NAME: Office 16, Office16OutlookVL_KMS_Client edition
LICENSE DESCRIPTION: Office 16, VOLUME_KMSCLIENT channel
Last 5 characters of installed product key: 6MT9B
<Product activation successful>
---------------------------------------
---------------------------------------
---Exiting-----------------------------


